19.11.2017 г. 16:36:47 - ::1 - test HomeController.CameraBazaar.Web.Controllers.HomeController.Index (CameraBazaar.Web)
19.11.2017 г. 16:36:53 - ::1 - test HomeController.CameraBazaar.Web.Controllers.HomeController.Index (CameraBazaar.Web)
19.11.2017 г. 16:36:53 - ::1 - test HomeController.CameraBazaar.Web.Controllers.HomeController.Index (CameraBazaar.Web)
19.11.2017 г. 16:36:54 - ::1 - test HomeController.CameraBazaar.Web.Controllers.HomeController.Index (CameraBazaar.Web)
19.11.2017 г. 17:17:47 - ::1 - test HomeController.Index
19.11.2017 г. 17:17:50 - ::1 - test CamerasController.All
19.11.2017 г. 17:17:52 - ::1 - test CamerasController.details
19.11.2017 г. 17:18:45 - ::1 - test CamerasController.details
19.11.2017 г. 17:19:27 - ::1 - test CamerasController.details
19.11.2017 г. 17:19:40 - ::1 - test CamerasController.All
19.11.2017 г. 17:19:42 - ::1 - test CamerasController.details
19.11.2017 г. 17:19:44 - ::1 - test CamerasController.All
19.11.2017 г. 17:20:10 - ::1 - test CamerasController.details
19.11.2017 г. 17:20:14 - ::1 - test CamerasController.All
19.11.2017 г. 17:21:06 - ::1 - test CamerasController.All
19.11.2017 г. 17:21:08 - ::1 - test CamerasController.details
19.11.2017 г. 17:22:52 - ::1 - test CamerasController.details
[!] 19.11.2017 г. 17:24:03 - ::1 - test CamerasController.details - CompilationFailedException - One or more compilation failures occurred:
C:\Users\Temelakiev\Documents\Visual Studio 2017\Projects\Camera Bazaar\CameraBazaar.Web\Views\Cameras\Details.cshtml(21,30): error CS0103: The name 'camera' does not exist in the current context
19.11.2017 г. 17:24:07 - ::1 - test CamerasController.All
19.11.2017 г. 17:24:17 - ::1 - test CamerasController.details
19.11.2017 г. 17:25:49 - ::1 - test CamerasController.details
19.11.2017 г. 17:26:56 - ::1 - test CamerasController.details
19.11.2017 г. 17:28:19 - ::1 - test CamerasController.details
19.11.2017 г. 17:28:40 - ::1 - test CamerasController.details
19.11.2017 г. 17:29:00 - ::1 - test CamerasController.details
19.11.2017 г. 17:29:32 - ::1 - test CamerasController.details
19.11.2017 г. 17:30:22 - ::1 - test CamerasController.details
19.11.2017 г. 17:31:47 - ::1 - test CamerasController.details
19.11.2017 г. 17:32:25 - ::1 - test CamerasController.details
19.11.2017 г. 17:32:56 - ::1 - test CamerasController.details
19.11.2017 г. 17:33:20 - ::1 - test CamerasController.details
19.11.2017 г. 17:33:36 - ::1 - test CamerasController.details
19.11.2017 г. 17:33:50 - ::1 - test CamerasController.details
19.11.2017 г. 17:34:34 - ::1 - test CamerasController.details
19.11.2017 г. 17:35:07 - ::1 - test CamerasController.details
19.11.2017 г. 17:35:28 - ::1 - test CamerasController.details
19.11.2017 г. 17:36:14 - ::1 - test CamerasController.details
19.11.2017 г. 17:36:47 - ::1 - test CamerasController.details
19.11.2017 г. 17:38:18 - ::1 - test CamerasController.details
19.11.2017 г. 17:38:41 - ::1 - test CamerasController.details
19.11.2017 г. 17:38:59 - ::1 - test CamerasController.details
19.11.2017 г. 17:40:13 - ::1 - test CamerasController.details
19.11.2017 г. 17:40:52 - ::1 - test CamerasController.details
19.11.2017 г. 17:42:20 - ::1 - test CamerasController.details
19.11.2017 г. 17:43:05 - ::1 - test CamerasController.details
19.11.2017 г. 17:43:20 - ::1 - test CamerasController.details
[!] 19.11.2017 г. 17:51:06 - ::1 - test CamerasController.details - CompilationFailedException - One or more compilation failures occurred:
C:\Users\Temelakiev\Documents\Visual Studio 2017\Projects\Camera Bazaar\CameraBazaar.Web\Views\Cameras\Details.cshtml(19,29): error CS1061: 'Details' does not contain a definition for 'SellerName' and no extension method 'SellerName' accepting a first argument of type 'Details' could be found (are you missing a using directive or an assembly reference?)
19.11.2017 г. 17:51:16 - ::1 - test CamerasController.All
19.11.2017 г. 18:02:34 - ::1 - test HomeController.Index
19.11.2017 г. 18:02:36 - ::1 - test CamerasController.All
19.11.2017 г. 18:06:47 - ::1 - test HomeController.Index
19.11.2017 г. 18:06:49 - ::1 - test CamerasController.All
19.11.2017 г. 18:06:51 - ::1 - test CamerasController.details
19.11.2017 г. 18:06:55 - ::1 - test CamerasController.All
19.11.2017 г. 18:06:57 - ::1 - test HomeController.Index
19.11.2017 г. 18:06:59 - ::1 - test AccountController.Logout
19.11.2017 г. 18:06:59 - ::1 - Anonymous HomeController.Index
19.11.2017 г. 18:07:00 - ::1 - Anonymous AccountController.Register
19.11.2017 г. 18:08:33 - ::1 - Anonymous AccountController.Register
19.11.2017 г. 18:08:33 - ::1 - testov HomeController.Index
19.11.2017 г. 18:08:35 - ::1 - testov ManageController.Index
19.11.2017 г. 18:08:38 - ::1 - testov CamerasController.All
19.11.2017 г. 18:08:39 - ::1 - testov CamerasController.details
19.11.2017 г. 18:08:46 - ::1 - testov CamerasController.All
19.11.2017 г. 18:08:47 - ::1 - testov CamerasController.details
19.11.2017 г. 18:08:50 - ::1 - testov CamerasController.All
19.11.2017 г. 18:10:19 - ::1 - testov HomeController.Index
19.11.2017 г. 18:10:22 - ::1 - testov CamerasController.All
19.11.2017 г. 18:10:23 - ::1 - testov CamerasController.details
19.11.2017 г. 18:21:24 - ::1 - testov HomeController.Index
19.11.2017 г. 18:21:26 - ::1 - testov CamerasController.All
19.11.2017 г. 18:21:27 - ::1 - testov CamerasController.details
19.11.2017 г. 18:21:34 - ::1 - testov CamerasController.All
19.11.2017 г. 18:21:37 - ::1 - testov CamerasController.details
19.11.2017 г. 18:21:41 - ::1 - testov CamerasController.All
19.11.2017 г. 18:21:43 - ::1 - testov CamerasController.details
19.11.2017 г. 18:21:44 - ::1 - testov CamerasController.All
19.11.2017 г. 18:21:46 - ::1 - testov CamerasController.details
19.11.2017 г. 18:21:50 - ::1 - testov CamerasController.All
19.11.2017 г. 18:21:52 - ::1 - testov CamerasController.details
19.11.2017 г. 18:21:57 - ::1 - testov CamerasController.All
19.11.2017 г. 18:24:38 - ::1 - testov HomeController.Index
19.11.2017 г. 18:24:40 - ::1 - testov CamerasController.All
19.11.2017 г. 18:24:41 - ::1 - testov CamerasController.details
19.11.2017 г. 18:34:08 - ::1 - testov HomeController.Index
19.11.2017 г. 18:34:10 - ::1 - testov CamerasController.All
19.11.2017 г. 18:34:12 - ::1 - testov CamerasController.details
19.11.2017 г. 18:34:14 - ::1 - testov CamerasController.All
19.11.2017 г. 18:34:15 - ::1 - testov CamerasController.details
19.11.2017 г. 18:34:28 - ::1 - testov CamerasController.details
19.11.2017 г. 18:48:36 - ::1 - testov HomeController.Index
19.11.2017 г. 18:48:39 - ::1 - testov ManageController.Index
19.11.2017 г. 18:49:05 - ::1 - testov ManageController.SendVerificationEmail
19.11.2017 г. 18:49:06 - ::1 - testov ManageController.Index
19.11.2017 г. 19:27:18 - ::1 - testov HomeController.Index
19.11.2017 г. 19:27:19 - ::1 - testov CamerasController.All
19.11.2017 г. 19:27:21 - ::1 - testov CamerasController.details
19.11.2017 г. 19:27:34 - ::1 - testov CamerasController.All
19.11.2017 г. 19:27:35 - ::1 - testov CamerasController.details
19.11.2017 г. 19:27:40 - ::1 - testov CamerasController.All
